<?xml version="1.0" encoding="UTF-8"?>
<!-- Generated by org.testng.reporters.JUnitReportReporter -->
<testsuite hostname="DESKTOP-KSG1GFN" failures="0" tests="1" name="Day29.Demo1" time="0.036" errors="0" timestamp="2025-01-05T10:58:38 IST" skipped="0">
  <testcase classname="Day29.Demo1" name="testA" time="0.036">
    <system-out>
      <![CDATA[sharana]]>
    </system-out>
  </testcase> <!-- testA -->
  <system-out>
    <![CDATA[BM
AM
sharana]]>
  </system-out>
</testsuite> <!-- Day29.Demo1 -->
