<?xml version="1.0" encoding="UTF-8"?>
<!-- Generated by org.testng.reporters.JUnitReportReporter -->
<testsuite hostname="DESKTOP-KSG1GFN" failures="0" tests="1" name="Day27.Demo2" time="0.036" errors="0" timestamp="2025-01-04T14:11:48 IST" skipped="0">
  <testcase classname="Day27.Demo2" name="testA" time="0.036">
    <system-out>
      <![CDATA[Bye]]>
    </system-out>
  </testcase> <!-- testA -->
  <system-out>
    <![CDATA[Bye]]>
  </system-out>
</testsuite> <!-- Day27.Demo2 -->
